[debug] [2025-08-04T22:08:26.460Z] ----------------------------------------------------------------------
[debug] [2025-08-04T22:08:26.462Z] Command:       D:\Program Files\nodejs\node.exe C:\Users\Usuario\AppData\Roaming\npm\node_modules\firebase-tools\lib\bin\firebase.js init
[debug] [2025-08-04T22:08:26.463Z] CLI Version:   14.11.2
[debug] [2025-08-04T22:08:26.463Z] Platform:      win32
[debug] [2025-08-04T22:08:26.463Z] Node Version:  v22.17.0
[debug] [2025-08-04T22:08:26.463Z] Time:          Mon Aug 04 2025 19:08:26 GMT-0300 (hora estándar de Argentina)
[debug] [2025-08-04T22:08:26.463Z] ----------------------------------------------------------------------
[debug] 
[debug] [2025-08-04T22:08:26.465Z] >>> [apiv2][query] GET https://firebase-public.firebaseio.com/cli.json [none]
[debug] [2025-08-04T22:08:26.499Z] > command requires scopes: ["email","openid","https://www.googleapis.com/auth/cloudplatformprojects.readonly","https://www.googleapis.com/auth/firebase","https://www.googleapis.com/auth/cloud-platform"]
[debug] [2025-08-04T22:08:26.500Z] > authorizing via signed-in user (facucarcelero6@gmail.com)
[info] 
     ######## #### ########  ######## ########     ###     ######  ########
     ##        ##  ##     ## ##       ##     ##  ##   ##  ##       ##
     ######    ##  ########  ######   ########  #########  ######  ######
     ##        ##  ##    ##  ##       ##     ## ##     ##       ## ##
     ##       #### ##     ## ######## ########  ##     ##  ######  ########

You're about to initialize a Firebase project in this directory:

  D:\Documentos\Proyectos\Sistema de puntos Los Nogales

[debug] [2025-08-04T22:08:26.901Z] <<< [apiv2][status] GET https://firebase-public.firebaseio.com/cli.json 200
[debug] [2025-08-04T22:08:26.901Z] <<< [apiv2][body] GET https://firebase-public.firebaseio.com/cli.json {"cloudBuildErrorAfter":1594252800000,"cloudBuildWarnAfter":1590019200000,"defaultNode10After":1594252800000,"minVersion":"3.0.5","node8DeploysDisabledAfter":1613390400000,"node8RuntimeDisabledAfter":1615809600000,"node8WarnAfter":1600128000000}
[debug] [2025-08-04T22:08:50.320Z] ExitPromptError: User force closed the prompt with SIGINT
    at Interface.sigint (C:\Users\Usuario\AppData\Roaming\npm\node_modules\firebase-tools\node_modules\@inquirer\core\dist\commonjs\lib\create-prompt.js:101:37)
    at Interface.emit (node:events:518:28)
    at Interface.emit (node:domain:489:12)
    at [_ttyWrite] [as _ttyWrite] (node:internal/readline/interface:1132:18)
    at ReadStream.onkeypress (node:internal/readline/interface:271:20)
    at ReadStream.emit (node:events:530:35)
    at ReadStream.emit (node:domain:489:12)
    at emitKeys (node:internal/readline/utils:370:14)
    at emitKeys.next (<anonymous>)
    at ReadStream.onData (node:internal/readline/emitKeypressEvents:64:36)
[error] 
[error] Error: An unexpected error has occurred.
